<?xml version="1.0" encoding="UTF-8"?>
<testng-results ignored="0" total="2" passed="2" failed="0" skipped="0">
  <reporter-output>
  </reporter-output>
  <suite started-at="2020-11-09T17:02:06 IST" name="Default suite" finished-at="2020-11-09T17:02:07 IST" duration-ms="136">
    <groups>
    </groups>
    <test started-at="2020-11-09T17:02:06 IST" name="Default test" finished-at="2020-11-09T17:02:07 IST" duration-ms="136">
      <class name="TestNg.Demo1">
        <test-method is-config="true" signature="beforeTest()[pri:0, instance:TestNg.Demo1@6356695f]" started-at="2020-11-09T17:02:07 IST" name="beforeTest" finished-at="2020-11-09T17:02:07 IST" duration-ms="18" status="PASS">
          <reporter-output>
          </reporter-output>
        </test-method> <!-- beforeTest -->
        <test-method is-config="true" signature="beforeClass()[pri:0, instance:TestNg.Demo1@6356695f]" started-at="2020-11-09T17:02:07 IST" name="beforeClass" finished-at="2020-11-09T17:02:07 IST" duration-ms="1" status="PASS">
          <reporter-output>
          </reporter-output>
        </test-method> <!-- beforeClass -->
        <test-method is-config="true" signature="beforeMethod()[pri:0, instance:TestNg.Demo1@6356695f]" started-at="2020-11-09T17:02:07 IST" name="beforeMethod" finished-at="2020-11-09T17:02:07 IST" duration-ms="1" status="PASS">
          <reporter-output>
          </reporter-output>
        </test-method> <!-- beforeMethod -->
        <test-method signature="f_test1()[pri:0, instance:TestNg.Demo1@6356695f]" started-at="2020-11-09T17:02:07 IST" name="f_test1" finished-at="2020-11-09T17:02:07 IST" duration-ms="15" status="PASS">
          <reporter-output>
          </reporter-output>
        </test-method> <!-- f_test1 -->
        <test-method is-config="true" signature="afterMethod()[pri:0, instance:TestNg.Demo1@6356695f]" started-at="2020-11-09T17:02:07 IST" name="afterMethod" finished-at="2020-11-09T17:02:07 IST" duration-ms="2" status="PASS">
          <reporter-output>
          </reporter-output>
        </test-method> <!-- afterMethod -->
        <test-method is-config="true" signature="beforeMethod()[pri:0, instance:TestNg.Demo1@6356695f]" started-at="2020-11-09T17:02:07 IST" name="beforeMethod" finished-at="2020-11-09T17:02:07 IST" duration-ms="1" status="PASS">
          <reporter-output>
          </reporter-output>
        </test-method> <!-- beforeMethod -->
        <test-method signature="f_test2()[pri:0, instance:TestNg.Demo1@6356695f]" started-at="2020-11-09T17:02:07 IST" name="f_test2" finished-at="2020-11-09T17:02:07 IST" duration-ms="9" status="PASS">
          <reporter-output>
          </reporter-output>
        </test-method> <!-- f_test2 -->
        <test-method is-config="true" signature="afterMethod()[pri:0, instance:TestNg.Demo1@6356695f]" started-at="2020-11-09T17:02:07 IST" name="afterMethod" finished-at="2020-11-09T17:02:07 IST" duration-ms="3" status="PASS">
          <reporter-output>
          </reporter-output>
        </test-method> <!-- afterMethod -->
        <test-method is-config="true" signature="afterClass()[pri:0, instance:TestNg.Demo1@6356695f]" started-at="2020-11-09T17:02:07 IST" name="afterClass" finished-at="2020-11-09T17:02:07 IST" duration-ms="1" status="PASS">
          <reporter-output>
          </reporter-output>
        </test-method> <!-- afterClass -->
        <test-method is-config="true" signature="afterTest()[pri:0, instance:TestNg.Demo1@6356695f]" started-at="2020-11-09T17:02:07 IST" name="afterTest" finished-at="2020-11-09T17:02:07 IST" duration-ms="1" status="PASS">
          <reporter-output>
          </reporter-output>
        </test-method> <!-- afterTest -->
      </class> <!-- TestNg.Demo1 -->
    </test> <!-- Default test -->
  </suite> <!-- Default suite -->
</testng-results>
